

Started GET "/productos/figuras" for 127.0.0.1 at 2019-09-12 18:55:20 -0300
Processing by ProductosController#show_figuras as HTML
Completed 200 OK in 7ms (Views: 0.4ms | ActiveRecord: 0.0ms)


Started OPTIONS "/pedido/crear" for 127.0.0.1 at 2019-09-12 18:56:00 -0300

ActionController::RoutingError (No route matches [OPTIONS] "/pedido/crear"):
  actionpack (4.2.8) lib/action_dispatch/middleware/debug_exceptions.rb:21:in `call'
  web-console (2.3.0) lib/web_console/middleware.rb:28:in `block in call'
  web-console (2.3.0) lib/web_console/middleware.rb:18:in `catch'
  web-console (2.3.0) lib/web_console/middleware.rb:18:in `call'
  actionpack (4.2.8) lib/action_dispatch/middleware/show_exceptions.rb:30:in `call'
  railties (4.2.8) lib/rails/rack/logger.rb:38:in `call_app'
  railties (4.2.8) lib/rails/rack/logger.rb:20:in `block in call'
  activesupport (4.2.8) lib/active_support/tagged_logging.rb:68:in `block in tagged'
  activesupport (4.2.8) lib/active_support/tagged_logging.rb:26:in `tagged'
  activesupport (4.2.8) lib/active_support/tagged_logging.rb:68:in `tagged'
  railties (4.2.8) lib/rails/rack/logger.rb:20:in `call'
  actionpack (4.2.8) lib/action_dispatch/middleware/request_id.rb:21:in `call'
  rack (1.6.11) lib/rack/methodoverride.rb:22:in `call'
  rack (1.6.11) lib/rack/runtime.rb:18:in `call'
  activesupport (4.2.8) lib/active_support/cache/strategy/local_cache_middleware.rb:28:in `call'
  rack (1.6.11) lib/rack/lock.rb:17:in `call'
  actionpack (4.2.8) lib/action_dispatch/middleware/static.rb:120:in `call'
  rack (1.6.11) lib/rack/sendfile.rb:113:in `call'
  rack-cors (0.2.9) lib/rack/cors.rb:54:in `call'
  railties (4.2.8) lib/rails/engine.rb:518:in `call'
  railties (4.2.8) lib/rails/application.rb:165:in `call'
  rack (1.6.11) lib/rack/lock.rb:17:in `call'
  rack (1.6.11) lib/rack/content_length.rb:15:in `call'
  rack (1.6.11) lib/rack/handler/webrick.rb:88:in `service'
  /usr/share/rvm/rubies/ruby-2.4.5/lib/ruby/2.4.0/webrick/httpserver.rb:140:in `service'
  /usr/share/rvm/rubies/ruby-2.4.5/lib/ruby/2.4.0/webrick/httpserver.rb:96:in `run'
  /usr/share/rvm/rubies/ruby-2.4.5/lib/ruby/2.4.0/webrick/server.rb:308:in `block in start_thread'


  Rendered /home/micaela/.rvm/gems/ruby-2.4.5/gems/actionpack-4.2.8/lib/action_dispatch/middleware/templates/rescues/_trace.html.erb (1.1ms)
  Rendered /home/micaela/.rvm/gems/ruby-2.4.5/gems/actionpack-4.2.8/lib/action_dispatch/middleware/templates/routes/_route.html.erb (0.5ms)
  Rendered /home/micaela/.rvm/gems/ruby-2.4.5/gems/actionpack-4.2.8/lib/action_dispatch/middleware/templates/routes/_table.html.erb (3.7ms)
  Rendered /home/micaela/.rvm/gems/ruby-2.4.5/gems/actionpack-4.2.8/lib/action_dispatch/middleware/templates/rescues/_request_and_response.html.erb (0.6ms)
  Rendered /home/micaela/.rvm/gems/ruby-2.4.5/gems/actionpack-4.2.8/lib/action_dispatch/middleware/templates/rescues/routing_error.html.erb within rescues/layout (21.1ms)
  Rendered /home/micaela/.rvm/gems/ruby-2.4.5/gems/web-console-2.3.0/lib/web_console/templates/_markup.html.erb (0.2ms)
  Rendered /home/micaela/.rvm/gems/ruby-2.4.5/gems/web-console-2.3.0/lib/web_console/templates/_inner_console_markup.html.erb within layouts/inlined_string (0.2ms)
  Rendered /home/micaela/.rvm/gems/ruby-2.4.5/gems/web-console-2.3.0/lib/web_console/templates/_prompt_box_markup.html.erb within layouts/inlined_string (0.2ms)
  Rendered /home/micaela/.rvm/gems/ruby-2.4.5/gems/web-console-2.3.0/lib/web_console/templates/style.css.erb within layouts/inlined_string (0.2ms)
  Rendered /home/micaela/.rvm/gems/ruby-2.4.5/gems/web-console-2.3.0/lib/web_console/templates/console.js.erb within layouts/javascript (15.8ms)
  Rendered /home/micaela/.rvm/gems/ruby-2.4.5/gems/web-console-2.3.0/lib/web_console/templates/main.js.erb within layouts/javascript (0.1ms)
  Rendered /home/micaela/.rvm/gems/ruby-2.4.5/gems/web-console-2.3.0/lib/web_console/templates/error_page.js.erb within layouts/javascript (0.2ms)
  Rendered /home/micaela/.rvm/gems/ruby-2.4.5/gems/web-console-2.3.0/lib/web_console/templates/index.html.erb (29.1ms)


Started GET "/productos/bombones" for 127.0.0.1 at 2019-09-12 18:57:46 -0300
Processing by ProductosController#show_bombones as HTML
Completed 200 OK in 0ms (Views: 0.2ms | ActiveRecord: 0.0ms)


Started OPTIONS "/pedido/crear" for 127.0.0.1 at 2019-09-12 18:59:52 -0300

ActionController::RoutingError (No route matches [OPTIONS] "/pedido/crear"):
  actionpack (4.2.8) lib/action_dispatch/middleware/debug_exceptions.rb:21:in `call'
  web-console (2.3.0) lib/web_console/middleware.rb:28:in `block in call'
  web-console (2.3.0) lib/web_console/middleware.rb:18:in `catch'
  web-console (2.3.0) lib/web_console/middleware.rb:18:in `call'
  actionpack (4.2.8) lib/action_dispatch/middleware/show_exceptions.rb:30:in `call'
  railties (4.2.8) lib/rails/rack/logger.rb:38:in `call_app'
  railties (4.2.8) lib/rails/rack/logger.rb:20:in `block in call'
  activesupport (4.2.8) lib/active_support/tagged_logging.rb:68:in `block in tagged'
  activesupport (4.2.8) lib/active_support/tagged_logging.rb:26:in `tagged'
  activesupport (4.2.8) lib/active_support/tagged_logging.rb:68:in `tagged'
  railties (4.2.8) lib/rails/rack/logger.rb:20:in `call'
  actionpack (4.2.8) lib/action_dispatch/middleware/request_id.rb:21:in `call'
  rack (1.6.11) lib/rack/methodoverride.rb:22:in `call'
  rack (1.6.11) lib/rack/runtime.rb:18:in `call'
  activesupport (4.2.8) lib/active_support/cache/strategy/local_cache_middleware.rb:28:in `call'
  rack (1.6.11) lib/rack/lock.rb:17:in `call'
  actionpack (4.2.8) lib/action_dispatch/middleware/static.rb:120:in `call'
  rack (1.6.11) lib/rack/sendfile.rb:113:in `call'
  rack-cors (0.2.9) lib/rack/cors.rb:54:in `call'
  railties (4.2.8) lib/rails/engine.rb:518:in `call'
  railties (4.2.8) lib/rails/application.rb:165:in `call'
  rack (1.6.11) lib/rack/lock.rb:17:in `call'
  rack (1.6.11) lib/rack/content_length.rb:15:in `call'
  rack (1.6.11) lib/rack/handler/webrick.rb:88:in `service'
  /usr/share/rvm/rubies/ruby-2.4.5/lib/ruby/2.4.0/webrick/httpserver.rb:140:in `service'
  /usr/share/rvm/rubies/ruby-2.4.5/lib/ruby/2.4.0/webrick/httpserver.rb:96:in `run'
  /usr/share/rvm/rubies/ruby-2.4.5/lib/ruby/2.4.0/webrick/server.rb:308:in `block in start_thread'


  Rendered /home/micaela/.rvm/gems/ruby-2.4.5/gems/actionpack-4.2.8/lib/action_dispatch/middleware/templates/rescues/_trace.html.erb (1.1ms)
  Rendered /home/micaela/.rvm/gems/ruby-2.4.5/gems/actionpack-4.2.8/lib/action_dispatch/middleware/templates/routes/_route.html.erb (0.8ms)
  Rendered /home/micaela/.rvm/gems/ruby-2.4.5/gems/actionpack-4.2.8/lib/action_dispatch/middleware/templates/routes/_table.html.erb (0.9ms)
  Rendered /home/micaela/.rvm/gems/ruby-2.4.5/gems/actionpack-4.2.8/lib/action_dispatch/middleware/templates/rescues/_request_and_response.html.erb (0.6ms)
  Rendered /home/micaela/.rvm/gems/ruby-2.4.5/gems/actionpack-4.2.8/lib/action_dispatch/middleware/templates/rescues/routing_error.html.erb within rescues/layout (18.7ms)
  Rendered /home/micaela/.rvm/gems/ruby-2.4.5/gems/web-console-2.3.0/lib/web_console/templates/_markup.html.erb (0.3ms)
  Rendered /home/micaela/.rvm/gems/ruby-2.4.5/gems/web-console-2.3.0/lib/web_console/templates/_inner_console_markup.html.erb within layouts/inlined_string (0.2ms)
  Rendered /home/micaela/.rvm/gems/ruby-2.4.5/gems/web-console-2.3.0/lib/web_console/templates/_prompt_box_markup.html.erb within layouts/inlined_string (0.1ms)
  Rendered /home/micaela/.rvm/gems/ruby-2.4.5/gems/web-console-2.3.0/lib/web_console/templates/style.css.erb within layouts/inlined_string (0.2ms)
  Rendered /home/micaela/.rvm/gems/ruby-2.4.5/gems/web-console-2.3.0/lib/web_console/templates/console.js.erb within layouts/javascript (10.6ms)
  Rendered /home/micaela/.rvm/gems/ruby-2.4.5/gems/web-console-2.3.0/lib/web_console/templates/main.js.erb within layouts/javascript (0.2ms)
  Rendered /home/micaela/.rvm/gems/ruby-2.4.5/gems/web-console-2.3.0/lib/web_console/templates/error_page.js.erb within layouts/javascript (0.3ms)
  Rendered /home/micaela/.rvm/gems/ruby-2.4.5/gems/web-console-2.3.0/lib/web_console/templates/index.html.erb (22.5ms)


Started OPTIONS "/pedido/crear" for 127.0.0.1 at 2019-09-12 19:10:16 -0300

ActionController::RoutingError (No route matches [OPTIONS] "/pedido/crear"):
  actionpack (4.2.8) lib/action_dispatch/middleware/debug_exceptions.rb:21:in `call'
  web-console (2.3.0) lib/web_console/middleware.rb:28:in `block in call'
  web-console (2.3.0) lib/web_console/middleware.rb:18:in `catch'
  web-console (2.3.0) lib/web_console/middleware.rb:18:in `call'
  actionpack (4.2.8) lib/action_dispatch/middleware/show_exceptions.rb:30:in `call'
  railties (4.2.8) lib/rails/rack/logger.rb:38:in `call_app'
  railties (4.2.8) lib/rails/rack/logger.rb:20:in `block in call'
  activesupport (4.2.8) lib/active_support/tagged_logging.rb:68:in `block in tagged'
  activesupport (4.2.8) lib/active_support/tagged_logging.rb:26:in `tagged'
  activesupport (4.2.8) lib/active_support/tagged_logging.rb:68:in `tagged'
  railties (4.2.8) lib/rails/rack/logger.rb:20:in `call'
  actionpack (4.2.8) lib/action_dispatch/middleware/request_id.rb:21:in `call'
  rack (1.6.11) lib/rack/methodoverride.rb:22:in `call'
  rack (1.6.11) lib/rack/runtime.rb:18:in `call'
  activesupport (4.2.8) lib/active_support/cache/strategy/local_cache_middleware.rb:28:in `call'
  rack (1.6.11) lib/rack/lock.rb:17:in `call'
  actionpack (4.2.8) lib/action_dispatch/middleware/static.rb:120:in `call'
  rack (1.6.11) lib/rack/sendfile.rb:113:in `call'
  rack-cors (0.2.9) lib/rack/cors.rb:54:in `call'
  railties (4.2.8) lib/rails/engine.rb:518:in `call'
  railties (4.2.8) lib/rails/application.rb:165:in `call'
  rack (1.6.11) lib/rack/lock.rb:17:in `call'
  rack (1.6.11) lib/rack/content_length.rb:15:in `call'
  rack (1.6.11) lib/rack/handler/webrick.rb:88:in `service'
  /usr/share/rvm/rubies/ruby-2.4.5/lib/ruby/2.4.0/webrick/httpserver.rb:140:in `service'
  /usr/share/rvm/rubies/ruby-2.4.5/lib/ruby/2.4.0/webrick/httpserver.rb:96:in `run'
  /usr/share/rvm/rubies/ruby-2.4.5/lib/ruby/2.4.0/webrick/server.rb:308:in `block in start_thread'


  Rendered /home/micaela/.rvm/gems/ruby-2.4.5/gems/actionpack-4.2.8/lib/action_dispatch/middleware/templates/rescues/_trace.html.erb (1.2ms)
  Rendered /home/micaela/.rvm/gems/ruby-2.4.5/gems/actionpack-4.2.8/lib/action_dispatch/middleware/templates/routes/_route.html.erb (0.7ms)
  Rendered /home/micaela/.rvm/gems/ruby-2.4.5/gems/actionpack-4.2.8/lib/action_dispatch/middleware/templates/routes/_table.html.erb (1.0ms)
  Rendered /home/micaela/.rvm/gems/ruby-2.4.5/gems/actionpack-4.2.8/lib/action_dispatch/middleware/templates/rescues/_request_and_response.html.erb (0.8ms)
  Rendered /home/micaela/.rvm/gems/ruby-2.4.5/gems/actionpack-4.2.8/lib/action_dispatch/middleware/templates/rescues/routing_error.html.erb within rescues/layout (19.2ms)
  Rendered /home/micaela/.rvm/gems/ruby-2.4.5/gems/web-console-2.3.0/lib/web_console/templates/_markup.html.erb (0.2ms)
  Rendered /home/micaela/.rvm/gems/ruby-2.4.5/gems/web-console-2.3.0/lib/web_console/templates/_inner_console_markup.html.erb within layouts/inlined_string (0.3ms)
  Rendered /home/micaela/.rvm/gems/ruby-2.4.5/gems/web-console-2.3.0/lib/web_console/templates/_prompt_box_markup.html.erb within layouts/inlined_string (0.2ms)
  Rendered /home/micaela/.rvm/gems/ruby-2.4.5/gems/web-console-2.3.0/lib/web_console/templates/style.css.erb within layouts/inlined_string (0.2ms)
  Rendered /home/micaela/.rvm/gems/ruby-2.4.5/gems/web-console-2.3.0/lib/web_console/templates/console.js.erb within layouts/javascript (11.3ms)
  Rendered /home/micaela/.rvm/gems/ruby-2.4.5/gems/web-console-2.3.0/lib/web_console/templates/main.js.erb within layouts/javascript (0.1ms)
  Rendered /home/micaela/.rvm/gems/ruby-2.4.5/gems/web-console-2.3.0/lib/web_console/templates/error_page.js.erb within layouts/javascript (0.2ms)
  Rendered /home/micaela/.rvm/gems/ruby-2.4.5/gems/web-console-2.3.0/lib/web_console/templates/index.html.erb (21.8ms)


Started GET "/productos/figuras" for 127.0.0.1 at 2019-09-12 19:15:07 -0300
Processing by ProductosController#show_figuras as HTML
Completed 200 OK in 1ms (Views: 0.2ms | ActiveRecord: 0.0ms)


Started OPTIONS "/pedido/crear" for 127.0.0.1 at 2019-09-12 19:15:38 -0300

ActionController::RoutingError (No route matches [OPTIONS] "/pedido/crear"):
  actionpack (4.2.8) lib/action_dispatch/middleware/debug_exceptions.rb:21:in `call'
  web-console (2.3.0) lib/web_console/middleware.rb:28:in `block in call'
  web-console (2.3.0) lib/web_console/middleware.rb:18:in `catch'
  web-console (2.3.0) lib/web_console/middleware.rb:18:in `call'
  actionpack (4.2.8) lib/action_dispatch/middleware/show_exceptions.rb:30:in `call'
  railties (4.2.8) lib/rails/rack/logger.rb:38:in `call_app'
  railties (4.2.8) lib/rails/rack/logger.rb:20:in `block in call'
  activesupport (4.2.8) lib/active_support/tagged_logging.rb:68:in `block in tagged'
  activesupport (4.2.8) lib/active_support/tagged_logging.rb:26:in `tagged'
  activesupport (4.2.8) lib/active_support/tagged_logging.rb:68:in `tagged'
  railties (4.2.8) lib/rails/rack/logger.rb:20:in `call'
  actionpack (4.2.8) lib/action_dispatch/middleware/request_id.rb:21:in `call'
  rack (1.6.11) lib/rack/methodoverride.rb:22:in `call'
  rack (1.6.11) lib/rack/runtime.rb:18:in `call'
  activesupport (4.2.8) lib/active_support/cache/strategy/local_cache_middleware.rb:28:in `call'
  rack (1.6.11) lib/rack/lock.rb:17:in `call'
  actionpack (4.2.8) lib/action_dispatch/middleware/static.rb:120:in `call'
  rack (1.6.11) lib/rack/sendfile.rb:113:in `call'
  rack-cors (0.2.9) lib/rack/cors.rb:54:in `call'
  railties (4.2.8) lib/rails/engine.rb:518:in `call'
  railties (4.2.8) lib/rails/application.rb:165:in `call'
  rack (1.6.11) lib/rack/lock.rb:17:in `call'
  rack (1.6.11) lib/rack/content_length.rb:15:in `call'
  rack (1.6.11) lib/rack/handler/webrick.rb:88:in `service'
  /usr/share/rvm/rubies/ruby-2.4.5/lib/ruby/2.4.0/webrick/httpserver.rb:140:in `service'
  /usr/share/rvm/rubies/ruby-2.4.5/lib/ruby/2.4.0/webrick/httpserver.rb:96:in `run'
  /usr/share/rvm/rubies/ruby-2.4.5/lib/ruby/2.4.0/webrick/server.rb:308:in `block in start_thread'


  Rendered /home/micaela/.rvm/gems/ruby-2.4.5/gems/actionpack-4.2.8/lib/action_dispatch/middleware/templates/rescues/_trace.html.erb (1.2ms)
  Rendered /home/micaela/.rvm/gems/ruby-2.4.5/gems/actionpack-4.2.8/lib/action_dispatch/middleware/templates/routes/_route.html.erb (0.5ms)
  Rendered /home/micaela/.rvm/gems/ruby-2.4.5/gems/actionpack-4.2.8/lib/action_dispatch/middleware/templates/routes/_table.html.erb (0.7ms)
  Rendered /home/micaela/.rvm/gems/ruby-2.4.5/gems/actionpack-4.2.8/lib/action_dispatch/middleware/templates/rescues/_request_and_response.html.erb (0.6ms)
  Rendered /home/micaela/.rvm/gems/ruby-2.4.5/gems/actionpack-4.2.8/lib/action_dispatch/middleware/templates/rescues/routing_error.html.erb within rescues/layout (16.7ms)
  Rendered /home/micaela/.rvm/gems/ruby-2.4.5/gems/web-console-2.3.0/lib/web_console/templates/_markup.html.erb (0.2ms)
  Rendered /home/micaela/.rvm/gems/ruby-2.4.5/gems/web-console-2.3.0/lib/web_console/templates/_inner_console_markup.html.erb within layouts/inlined_string (0.2ms)
  Rendered /home/micaela/.rvm/gems/ruby-2.4.5/gems/web-console-2.3.0/lib/web_console/templates/_prompt_box_markup.html.erb within layouts/inlined_string (0.1ms)
  Rendered /home/micaela/.rvm/gems/ruby-2.4.5/gems/web-console-2.3.0/lib/web_console/templates/style.css.erb within layouts/inlined_string (0.2ms)
  Rendered /home/micaela/.rvm/gems/ruby-2.4.5/gems/web-console-2.3.0/lib/web_console/templates/console.js.erb within layouts/javascript (9.9ms)
  Rendered /home/micaela/.rvm/gems/ruby-2.4.5/gems/web-console-2.3.0/lib/web_console/templates/main.js.erb within layouts/javascript (0.1ms)
  Rendered /home/micaela/.rvm/gems/ruby-2.4.5/gems/web-console-2.3.0/lib/web_console/templates/error_page.js.erb within layouts/javascript (0.2ms)
  Rendered /home/micaela/.rvm/gems/ruby-2.4.5/gems/web-console-2.3.0/lib/web_console/templates/index.html.erb (19.9ms)


Started POST "/pedido/crear" for 127.0.0.1 at 2019-09-12 19:23:13 -0300

ActionController::RoutingError (No route matches [POST] "/pedido/crear"):
  actionpack (4.2.8) lib/action_dispatch/middleware/debug_exceptions.rb:21:in `call'
  web-console (2.3.0) lib/web_console/middleware.rb:28:in `block in call'
  web-console (2.3.0) lib/web_console/middleware.rb:18:in `catch'
  web-console (2.3.0) lib/web_console/middleware.rb:18:in `call'
  actionpack (4.2.8) lib/action_dispatch/middleware/show_exceptions.rb:30:in `call'
  railties (4.2.8) lib/rails/rack/logger.rb:38:in `call_app'
  railties (4.2.8) lib/rails/rack/logger.rb:20:in `block in call'
  activesupport (4.2.8) lib/active_support/tagged_logging.rb:68:in `block in tagged'
  activesupport (4.2.8) lib/active_support/tagged_logging.rb:26:in `tagged'
  activesupport (4.2.8) lib/active_support/tagged_logging.rb:68:in `tagged'
  railties (4.2.8) lib/rails/rack/logger.rb:20:in `call'
  actionpack (4.2.8) lib/action_dispatch/middleware/request_id.rb:21:in `call'
  rack (1.6.11) lib/rack/methodoverride.rb:22:in `call'
  rack (1.6.11) lib/rack/runtime.rb:18:in `call'
  activesupport (4.2.8) lib/active_support/cache/strategy/local_cache_middleware.rb:28:in `call'
  rack (1.6.11) lib/rack/lock.rb:17:in `call'
  actionpack (4.2.8) lib/action_dispatch/middleware/static.rb:120:in `call'
  rack (1.6.11) lib/rack/sendfile.rb:113:in `call'
  rack-cors (0.2.9) lib/rack/cors.rb:54:in `call'
  railties (4.2.8) lib/rails/engine.rb:518:in `call'
  railties (4.2.8) lib/rails/application.rb:165:in `call'
  rack (1.6.11) lib/rack/lock.rb:17:in `call'
  rack (1.6.11) lib/rack/content_length.rb:15:in `call'
  rack (1.6.11) lib/rack/handler/webrick.rb:88:in `service'
  /usr/share/rvm/rubies/ruby-2.4.5/lib/ruby/2.4.0/webrick/httpserver.rb:140:in `service'
  /usr/share/rvm/rubies/ruby-2.4.5/lib/ruby/2.4.0/webrick/httpserver.rb:96:in `run'
  /usr/share/rvm/rubies/ruby-2.4.5/lib/ruby/2.4.0/webrick/server.rb:308:in `block in start_thread'


  Rendered /home/micaela/.rvm/gems/ruby-2.4.5/gems/actionpack-4.2.8/lib/action_dispatch/middleware/templates/rescues/_trace.html.erb (0.8ms)
  Rendered /home/micaela/.rvm/gems/ruby-2.4.5/gems/actionpack-4.2.8/lib/action_dispatch/middleware/templates/routes/_route.html.erb (0.4ms)
  Rendered /home/micaela/.rvm/gems/ruby-2.4.5/gems/actionpack-4.2.8/lib/action_dispatch/middleware/templates/routes/_table.html.erb (3.9ms)
  Rendered /home/micaela/.rvm/gems/ruby-2.4.5/gems/actionpack-4.2.8/lib/action_dispatch/middleware/templates/rescues/_request_and_response.html.erb (4.3ms)
  Rendered /home/micaela/.rvm/gems/ruby-2.4.5/gems/actionpack-4.2.8/lib/action_dispatch/middleware/templates/rescues/routing_error.html.erb within rescues/layout (22.6ms)
  Rendered /home/micaela/.rvm/gems/ruby-2.4.5/gems/web-console-2.3.0/lib/web_console/templates/_markup.html.erb (0.2ms)
  Rendered /home/micaela/.rvm/gems/ruby-2.4.5/gems/web-console-2.3.0/lib/web_console/templates/_inner_console_markup.html.erb within layouts/inlined_string (0.3ms)
  Rendered /home/micaela/.rvm/gems/ruby-2.4.5/gems/web-console-2.3.0/lib/web_console/templates/_prompt_box_markup.html.erb within layouts/inlined_string (0.1ms)
  Rendered /home/micaela/.rvm/gems/ruby-2.4.5/gems/web-console-2.3.0/lib/web_console/templates/style.css.erb within layouts/inlined_string (0.2ms)
  Rendered /home/micaela/.rvm/gems/ruby-2.4.5/gems/web-console-2.3.0/lib/web_console/templates/console.js.erb within layouts/javascript (13.6ms)
  Rendered /home/micaela/.rvm/gems/ruby-2.4.5/gems/web-console-2.3.0/lib/web_console/templates/main.js.erb within layouts/javascript (0.2ms)
  Rendered /home/micaela/.rvm/gems/ruby-2.4.5/gems/web-console-2.3.0/lib/web_console/templates/error_page.js.erb within layouts/javascript (0.2ms)
  Rendered /home/micaela/.rvm/gems/ruby-2.4.5/gems/web-console-2.3.0/lib/web_console/templates/index.html.erb (23.7ms)


Started POST "/pedido/crear" for 127.0.0.1 at 2019-09-12 19:25:02 -0300

ActionController::RoutingError (No route matches [POST] "/pedido/crear"):
  actionpack (4.2.8) lib/action_dispatch/middleware/debug_exceptions.rb:21:in `call'
  web-console (2.3.0) lib/web_console/middleware.rb:28:in `block in call'
  web-console (2.3.0) lib/web_console/middleware.rb:18:in `catch'
  web-console (2.3.0) lib/web_console/middleware.rb:18:in `call'
  actionpack (4.2.8) lib/action_dispatch/middleware/show_exceptions.rb:30:in `call'
  railties (4.2.8) lib/rails/rack/logger.rb:38:in `call_app'
  railties (4.2.8) lib/rails/rack/logger.rb:20:in `block in call'
  activesupport (4.2.8) lib/active_support/tagged_logging.rb:68:in `block in tagged'
  activesupport (4.2.8) lib/active_support/tagged_logging.rb:26:in `tagged'
  activesupport (4.2.8) lib/active_support/tagged_logging.rb:68:in `tagged'
  railties (4.2.8) lib/rails/rack/logger.rb:20:in `call'
  actionpack (4.2.8) lib/action_dispatch/middleware/request_id.rb:21:in `call'
  rack (1.6.11) lib/rack/methodoverride.rb:22:in `call'
  rack (1.6.11) lib/rack/runtime.rb:18:in `call'
  activesupport (4.2.8) lib/active_support/cache/strategy/local_cache_middleware.rb:28:in `call'
  rack (1.6.11) lib/rack/lock.rb:17:in `call'
  actionpack (4.2.8) lib/action_dispatch/middleware/static.rb:120:in `call'
  rack (1.6.11) lib/rack/sendfile.rb:113:in `call'
  rack-cors (0.2.9) lib/rack/cors.rb:54:in `call'
  railties (4.2.8) lib/rails/engine.rb:518:in `call'
  railties (4.2.8) lib/rails/application.rb:165:in `call'
  rack (1.6.11) lib/rack/lock.rb:17:in `call'
  rack (1.6.11) lib/rack/content_length.rb:15:in `call'
  rack (1.6.11) lib/rack/handler/webrick.rb:88:in `service'
  /usr/share/rvm/rubies/ruby-2.4.5/lib/ruby/2.4.0/webrick/httpserver.rb:140:in `service'
  /usr/share/rvm/rubies/ruby-2.4.5/lib/ruby/2.4.0/webrick/httpserver.rb:96:in `run'
  /usr/share/rvm/rubies/ruby-2.4.5/lib/ruby/2.4.0/webrick/server.rb:308:in `block in start_thread'


  Rendered /home/micaela/.rvm/gems/ruby-2.4.5/gems/actionpack-4.2.8/lib/action_dispatch/middleware/templates/rescues/_trace.html.erb (1.1ms)
  Rendered /home/micaela/.rvm/gems/ruby-2.4.5/gems/actionpack-4.2.8/lib/action_dispatch/middleware/templates/routes/_route.html.erb (0.5ms)
  Rendered /home/micaela/.rvm/gems/ruby-2.4.5/gems/actionpack-4.2.8/lib/action_dispatch/middleware/templates/routes/_table.html.erb (0.7ms)
  Rendered /home/micaela/.rvm/gems/ruby-2.4.5/gems/actionpack-4.2.8/lib/action_dispatch/middleware/templates/rescues/_request_and_response.html.erb (0.7ms)
  Rendered /home/micaela/.rvm/gems/ruby-2.4.5/gems/actionpack-4.2.8/lib/action_dispatch/middleware/templates/rescues/routing_error.html.erb within rescues/layout (15.7ms)
  Rendered /home/micaela/.rvm/gems/ruby-2.4.5/gems/web-console-2.3.0/lib/web_console/templates/_markup.html.erb (0.2ms)
  Rendered /home/micaela/.rvm/gems/ruby-2.4.5/gems/web-console-2.3.0/lib/web_console/templates/_inner_console_markup.html.erb within layouts/inlined_string (0.2ms)
  Rendered /home/micaela/.rvm/gems/ruby-2.4.5/gems/web-console-2.3.0/lib/web_console/templates/_prompt_box_markup.html.erb within layouts/inlined_string (0.2ms)
  Rendered /home/micaela/.rvm/gems/ruby-2.4.5/gems/web-console-2.3.0/lib/web_console/templates/style.css.erb within layouts/inlined_string (0.2ms)
  Rendered /home/micaela/.rvm/gems/ruby-2.4.5/gems/web-console-2.3.0/lib/web_console/templates/console.js.erb within layouts/javascript (11.1ms)
  Rendered /home/micaela/.rvm/gems/ruby-2.4.5/gems/web-console-2.3.0/lib/web_console/templates/main.js.erb within layouts/javascript (0.2ms)
  Rendered /home/micaela/.rvm/gems/ruby-2.4.5/gems/web-console-2.3.0/lib/web_console/templates/error_page.js.erb within layouts/javascript (0.3ms)
  Rendered /home/micaela/.rvm/gems/ruby-2.4.5/gems/web-console-2.3.0/lib/web_console/templates/index.html.erb (22.2ms)


Started POST "/pedido/crear" for 127.0.0.1 at 2019-09-12 19:26:45 -0300

ActionController::RoutingError (No route matches [POST] "/pedido/crear"):
  actionpack (4.2.8) lib/action_dispatch/middleware/debug_exceptions.rb:21:in `call'
  web-console (2.3.0) lib/web_console/middleware.rb:28:in `block in call'
  web-console (2.3.0) lib/web_console/middleware.rb:18:in `catch'
  web-console (2.3.0) lib/web_console/middleware.rb:18:in `call'
  actionpack (4.2.8) lib/action_dispatch/middleware/show_exceptions.rb:30:in `call'
  railties (4.2.8) lib/rails/rack/logger.rb:38:in `call_app'
  railties (4.2.8) lib/rails/rack/logger.rb:20:in `block in call'
  activesupport (4.2.8) lib/active_support/tagged_logging.rb:68:in `block in tagged'
  activesupport (4.2.8) lib/active_support/tagged_logging.rb:26:in `tagged'
  activesupport (4.2.8) lib/active_support/tagged_logging.rb:68:in `tagged'
  railties (4.2.8) lib/rails/rack/logger.rb:20:in `call'
  actionpack (4.2.8) lib/action_dispatch/middleware/request_id.rb:21:in `call'
  rack (1.6.11) lib/rack/methodoverride.rb:22:in `call'
  rack (1.6.11) lib/rack/runtime.rb:18:in `call'
  activesupport (4.2.8) lib/active_support/cache/strategy/local_cache_middleware.rb:28:in `call'
  rack (1.6.11) lib/rack/lock.rb:17:in `call'
  actionpack (4.2.8) lib/action_dispatch/middleware/static.rb:120:in `call'
  rack (1.6.11) lib/rack/sendfile.rb:113:in `call'
  rack-cors (0.2.9) lib/rack/cors.rb:54:in `call'
  railties (4.2.8) lib/rails/engine.rb:518:in `call'
  railties (4.2.8) lib/rails/application.rb:165:in `call'
  rack (1.6.11) lib/rack/lock.rb:17:in `call'
  rack (1.6.11) lib/rack/content_length.rb:15:in `call'
  rack (1.6.11) lib/rack/handler/webrick.rb:88:in `service'
  /usr/share/rvm/rubies/ruby-2.4.5/lib/ruby/2.4.0/webrick/httpserver.rb:140:in `service'
  /usr/share/rvm/rubies/ruby-2.4.5/lib/ruby/2.4.0/webrick/httpserver.rb:96:in `run'
  /usr/share/rvm/rubies/ruby-2.4.5/lib/ruby/2.4.0/webrick/server.rb:308:in `block in start_thread'


  Rendered /home/micaela/.rvm/gems/ruby-2.4.5/gems/actionpack-4.2.8/lib/action_dispatch/middleware/templates/rescues/_trace.html.erb (0.8ms)
  Rendered /home/micaela/.rvm/gems/ruby-2.4.5/gems/actionpack-4.2.8/lib/action_dispatch/middleware/templates/routes/_route.html.erb (0.4ms)
  Rendered /home/micaela/.rvm/gems/ruby-2.4.5/gems/actionpack-4.2.8/lib/action_dispatch/middleware/templates/routes/_table.html.erb (4.6ms)
  Rendered /home/micaela/.rvm/gems/ruby-2.4.5/gems/actionpack-4.2.8/lib/action_dispatch/middleware/templates/rescues/_request_and_response.html.erb (4.7ms)
  Rendered /home/micaela/.rvm/gems/ruby-2.4.5/gems/actionpack-4.2.8/lib/action_dispatch/middleware/templates/rescues/routing_error.html.erb within rescues/layout (23.7ms)
  Rendered /home/micaela/.rvm/gems/ruby-2.4.5/gems/web-console-2.3.0/lib/web_console/templates/_markup.html.erb (0.2ms)
  Rendered /home/micaela/.rvm/gems/ruby-2.4.5/gems/web-console-2.3.0/lib/web_console/templates/_inner_console_markup.html.erb within layouts/inlined_string (0.2ms)
  Rendered /home/micaela/.rvm/gems/ruby-2.4.5/gems/web-console-2.3.0/lib/web_console/templates/_prompt_box_markup.html.erb within layouts/inlined_string (0.1ms)
  Rendered /home/micaela/.rvm/gems/ruby-2.4.5/gems/web-console-2.3.0/lib/web_console/templates/style.css.erb within layouts/inlined_string (0.2ms)
  Rendered /home/micaela/.rvm/gems/ruby-2.4.5/gems/web-console-2.3.0/lib/web_console/templates/console.js.erb within layouts/javascript (12.0ms)
  Rendered /home/micaela/.rvm/gems/ruby-2.4.5/gems/web-console-2.3.0/lib/web_console/templates/main.js.erb within layouts/javascript (0.1ms)
  Rendered /home/micaela/.rvm/gems/ruby-2.4.5/gems/web-console-2.3.0/lib/web_console/templates/error_page.js.erb within layouts/javascript (0.4ms)
  Rendered /home/micaela/.rvm/gems/ruby-2.4.5/gems/web-console-2.3.0/lib/web_console/templates/index.html.erb (23.5ms)


Started POST "/pedidos/crear" for 127.0.0.1 at 2019-09-12 19:32:28 -0300

ActionController::RoutingError (No route matches [POST] "/pedidos/crear"):
  actionpack (4.2.8) lib/action_dispatch/middleware/debug_exceptions.rb:21:in `call'
  web-console (2.3.0) lib/web_console/middleware.rb:28:in `block in call'
  web-console (2.3.0) lib/web_console/middleware.rb:18:in `catch'
  web-console (2.3.0) lib/web_console/middleware.rb:18:in `call'
  actionpack (4.2.8) lib/action_dispatch/middleware/show_exceptions.rb:30:in `call'
  railties (4.2.8) lib/rails/rack/logger.rb:38:in `call_app'
  railties (4.2.8) lib/rails/rack/logger.rb:20:in `block in call'
  activesupport (4.2.8) lib/active_support/tagged_logging.rb:68:in `block in tagged'
  activesupport (4.2.8) lib/active_support/tagged_logging.rb:26:in `tagged'
  activesupport (4.2.8) lib/active_support/tagged_logging.rb:68:in `tagged'
  railties (4.2.8) lib/rails/rack/logger.rb:20:in `call'
  actionpack (4.2.8) lib/action_dispatch/middleware/request_id.rb:21:in `call'
  rack (1.6.11) lib/rack/methodoverride.rb:22:in `call'
  rack (1.6.11) lib/rack/runtime.rb:18:in `call'
  activesupport (4.2.8) lib/active_support/cache/strategy/local_cache_middleware.rb:28:in `call'
  rack (1.6.11) lib/rack/lock.rb:17:in `call'
  actionpack (4.2.8) lib/action_dispatch/middleware/static.rb:120:in `call'
  rack (1.6.11) lib/rack/sendfile.rb:113:in `call'
  rack-cors (0.2.9) lib/rack/cors.rb:54:in `call'
  railties (4.2.8) lib/rails/engine.rb:518:in `call'
  railties (4.2.8) lib/rails/application.rb:165:in `call'
  rack (1.6.11) lib/rack/lock.rb:17:in `call'
  rack (1.6.11) lib/rack/content_length.rb:15:in `call'
  rack (1.6.11) lib/rack/handler/webrick.rb:88:in `service'
  /usr/share/rvm/rubies/ruby-2.4.5/lib/ruby/2.4.0/webrick/httpserver.rb:140:in `service'
  /usr/share/rvm/rubies/ruby-2.4.5/lib/ruby/2.4.0/webrick/httpserver.rb:96:in `run'
  /usr/share/rvm/rubies/ruby-2.4.5/lib/ruby/2.4.0/webrick/server.rb:308:in `block in start_thread'


  Rendered /home/micaela/.rvm/gems/ruby-2.4.5/gems/actionpack-4.2.8/lib/action_dispatch/middleware/templates/rescues/_trace.html.erb (0.9ms)
  Rendered /home/micaela/.rvm/gems/ruby-2.4.5/gems/actionpack-4.2.8/lib/action_dispatch/middleware/templates/routes/_route.html.erb (0.5ms)
  Rendered /home/micaela/.rvm/gems/ruby-2.4.5/gems/actionpack-4.2.8/lib/action_dispatch/middleware/templates/routes/_table.html.erb (3.7ms)
  Rendered /home/micaela/.rvm/gems/ruby-2.4.5/gems/actionpack-4.2.8/lib/action_dispatch/middleware/templates/rescues/_request_and_response.html.erb (4.5ms)
  Rendered /home/micaela/.rvm/gems/ruby-2.4.5/gems/actionpack-4.2.8/lib/action_dispatch/middleware/templates/rescues/routing_error.html.erb within rescues/layout (22.2ms)
  Rendered /home/micaela/.rvm/gems/ruby-2.4.5/gems/web-console-2.3.0/lib/web_console/templates/_markup.html.erb (0.2ms)
  Rendered /home/micaela/.rvm/gems/ruby-2.4.5/gems/web-console-2.3.0/lib/web_console/templates/_inner_console_markup.html.erb within layouts/inlined_string (0.1ms)
  Rendered /home/micaela/.rvm/gems/ruby-2.4.5/gems/web-console-2.3.0/lib/web_console/templates/_prompt_box_markup.html.erb within layouts/inlined_string (0.1ms)
  Rendered /home/micaela/.rvm/gems/ruby-2.4.5/gems/web-console-2.3.0/lib/web_console/templates/style.css.erb within layouts/inlined_string (0.2ms)
  Rendered /home/micaela/.rvm/gems/ruby-2.4.5/gems/web-console-2.3.0/lib/web_console/templates/console.js.erb within layouts/javascript (11.9ms)
  Rendered /home/micaela/.rvm/gems/ruby-2.4.5/gems/web-console-2.3.0/lib/web_console/templates/main.js.erb within layouts/javascript (0.1ms)
  Rendered /home/micaela/.rvm/gems/ruby-2.4.5/gems/web-console-2.3.0/lib/web_console/templates/error_page.js.erb within layouts/javascript (0.2ms)
  Rendered /home/micaela/.rvm/gems/ruby-2.4.5/gems/web-console-2.3.0/lib/web_console/templates/index.html.erb (22.2ms)


Started POST "/pedidos/crear" for 127.0.0.1 at 2019-09-12 19:33:12 -0300
Processing by PedidosController#create as HTML
  Parameters: {"pedido"=>{}, "email_cliente"=>"lkksned", "telefono_cliente"=>"545", "punto_retiro"=>{"value"=>"3", "label"=>"Perdriel 74 - CABA"}}
Completed 201 Created in 0ms (Views: 0.2ms | ActiveRecord: 0.0ms)


Started GET "/productos/bombones" for 127.0.0.1 at 2019-09-12 19:33:34 -0300
Processing by ProductosController#show_bombones as HTML
Completed 200 OK in 1ms (Views: 0.2ms | ActiveRecord: 0.0ms)


Started POST "/pedidos/crear" for 127.0.0.1 at 2019-09-12 19:33:57 -0300
Processing by PedidosController#create as HTML
  Parameters: {"pedido"=>{"nombreProducto"=>"Balde de huevitos", "precio"=>230, "cantidadPedido"=>1, "tipoChocolate"=>{"value"=>"semiamargo", "label"=>"Chocolate semi amargo"}, "pesoProducto"=>300}, "email_cliente"=>"micaela.alonso@gmail.com", "telefono_cliente"=>"123456", "punto_retiro"=>{"value"=>"1", "label"=>"Calle 6 5047 - Berazategui"}}
Completed 201 Created in 1ms (Views: 0.5ms | ActiveRecord: 0.0ms)


Started POST "/pedidos/crear" for 127.0.0.1 at 2019-09-12 19:41:34 -0300
Processing by PedidosController#create as HTML
  Parameters: {"pedido"=>{}, "email_cliente"=>"", "telefono_cliente"=>"", "punto_retiro"=>""}
Completed 201 Created in 1ms (Views: 0.5ms | ActiveRecord: 0.0ms)
