

Started GET "/" for 127.0.0.1 at 2019-09-02 20:58:36 -0300

Gem::LoadError (Specified 'sqlite3' for database adapter, but the gem is not loaded. Add `gem 'sqlite3'` to your Gemfile (and ensure its version is at the minimum required by ActiveRecord).):
  activerecord (4.2.8) lib/active_record/connection_adapters/connection_specification.rb:177:in `rescue in spec'
  activerecord (4.2.8) lib/active_record/connection_adapters/connection_specification.rb:174:in `spec'
  activerecord (4.2.8) lib/active_record/connection_handling.rb:50:in `establish_connection'
  activerecord (4.2.8) lib/active_record/railtie.rb:120:in `block (2 levels) in <class:Railtie>'
  activesupport (4.2.8) lib/active_support/lazy_load_hooks.rb:38:in `instance_eval'
  activesupport (4.2.8) lib/active_support/lazy_load_hooks.rb:38:in `execute_hook'
  activesupport (4.2.8) lib/active_support/lazy_load_hooks.rb:45:in `block in run_load_hooks'
  activesupport (4.2.8) lib/active_support/lazy_load_hooks.rb:44:in `each'
  activesupport (4.2.8) lib/active_support/lazy_load_hooks.rb:44:in `run_load_hooks'
  activerecord (4.2.8) lib/active_record/base.rb:315:in `<module:ActiveRecord>'
  activerecord (4.2.8) lib/active_record/base.rb:26:in `<top (required)>'
  activesupport (4.2.8) lib/active_support/dependencies.rb:274:in `require'
  activesupport (4.2.8) lib/active_support/dependencies.rb:274:in `block in require'
  activesupport (4.2.8) lib/active_support/dependencies.rb:240:in `load_dependency'
  activesupport (4.2.8) lib/active_support/dependencies.rb:274:in `require'
  activerecord (4.2.8) lib/active_record/migration.rb:383:in `connection'
  activerecord (4.2.8) lib/active_record/migration.rb:370:in `call'
  actionpack (4.2.8) lib/action_dispatch/middleware/callbacks.rb:29:in `block in call'
  activesupport (4.2.8) lib/active_support/callbacks.rb:88:in `__run_callbacks__'
  activesupport (4.2.8) lib/active_support/callbacks.rb:778:in `_run_call_callbacks'
  activesupport (4.2.8) lib/active_support/callbacks.rb:81:in `run_callbacks'
  actionpack (4.2.8) lib/action_dispatch/middleware/callbacks.rb:27:in `call'
  actionpack (4.2.8) lib/action_dispatch/middleware/reloader.rb:73:in `call'
  actionpack (4.2.8) lib/action_dispatch/middleware/remote_ip.rb:78:in `call'
  actionpack (4.2.8) lib/action_dispatch/middleware/debug_exceptions.rb:17:in `call'
  web-console (2.3.0) lib/web_console/middleware.rb:28:in `block in call'
  web-console (2.3.0) lib/web_console/middleware.rb:18:in `catch'
  web-console (2.3.0) lib/web_console/middleware.rb:18:in `call'
  actionpack (4.2.8) lib/action_dispatch/middleware/show_exceptions.rb:30:in `call'
  railties (4.2.8) lib/rails/rack/logger.rb:38:in `call_app'
  railties (4.2.8) lib/rails/rack/logger.rb:20:in `block in call'
  activesupport (4.2.8) lib/active_support/tagged_logging.rb:68:in `block in tagged'
  activesupport (4.2.8) lib/active_support/tagged_logging.rb:26:in `tagged'
  activesupport (4.2.8) lib/active_support/tagged_logging.rb:68:in `tagged'
  railties (4.2.8) lib/rails/rack/logger.rb:20:in `call'
  actionpack (4.2.8) lib/action_dispatch/middleware/request_id.rb:21:in `call'
  rack (1.6.11) lib/rack/methodoverride.rb:22:in `call'
  rack (1.6.11) lib/rack/runtime.rb:18:in `call'
  activesupport (4.2.8) lib/active_support/cache/strategy/local_cache_middleware.rb:28:in `call'
  rack (1.6.11) lib/rack/lock.rb:17:in `call'
  actionpack (4.2.8) lib/action_dispatch/middleware/static.rb:120:in `call'
  rack (1.6.11) lib/rack/sendfile.rb:113:in `call'
  railties (4.2.8) lib/rails/engine.rb:518:in `call'
  railties (4.2.8) lib/rails/application.rb:165:in `call'
  rack (1.6.11) lib/rack/lock.rb:17:in `call'
  rack (1.6.11) lib/rack/content_length.rb:15:in `call'
  rack (1.6.11) lib/rack/handler/webrick.rb:88:in `service'
  /usr/share/rvm/rubies/ruby-2.4.5/lib/ruby/2.4.0/webrick/httpserver.rb:140:in `service'
  /usr/share/rvm/rubies/ruby-2.4.5/lib/ruby/2.4.0/webrick/httpserver.rb:96:in `run'
  /usr/share/rvm/rubies/ruby-2.4.5/lib/ruby/2.4.0/webrick/server.rb:308:in `block in start_thread'


  Rendered /home/micaela/.rvm/gems/ruby-2.4.5/gems/actionpack-4.2.8/lib/action_dispatch/middleware/templates/rescues/_source.erb (2.7ms)
  Rendered /home/micaela/.rvm/gems/ruby-2.4.5/gems/actionpack-4.2.8/lib/action_dispatch/middleware/templates/rescues/_trace.html.erb (5.0ms)
  Rendered /home/micaela/.rvm/gems/ruby-2.4.5/gems/actionpack-4.2.8/lib/action_dispatch/middleware/templates/rescues/_request_and_response.html.erb (0.7ms)
  Rendered /home/micaela/.rvm/gems/ruby-2.4.5/gems/actionpack-4.2.8/lib/action_dispatch/middleware/templates/rescues/diagnostics.html.erb within rescues/layout (23.5ms)
  Rendered /home/micaela/.rvm/gems/ruby-2.4.5/gems/web-console-2.3.0/lib/web_console/templates/_markup.html.erb (0.4ms)
  Rendered /home/micaela/.rvm/gems/ruby-2.4.5/gems/web-console-2.3.0/lib/web_console/templates/_inner_console_markup.html.erb within layouts/inlined_string (0.3ms)
  Rendered /home/micaela/.rvm/gems/ruby-2.4.5/gems/web-console-2.3.0/lib/web_console/templates/_prompt_box_markup.html.erb within layouts/inlined_string (0.4ms)
  Rendered /home/micaela/.rvm/gems/ruby-2.4.5/gems/web-console-2.3.0/lib/web_console/templates/style.css.erb within layouts/inlined_string (0.5ms)
  Rendered /home/micaela/.rvm/gems/ruby-2.4.5/gems/web-console-2.3.0/lib/web_console/templates/console.js.erb within layouts/javascript (30.5ms)
  Rendered /home/micaela/.rvm/gems/ruby-2.4.5/gems/web-console-2.3.0/lib/web_console/templates/main.js.erb within layouts/javascript (0.3ms)
  Rendered /home/micaela/.rvm/gems/ruby-2.4.5/gems/web-console-2.3.0/lib/web_console/templates/error_page.js.erb within layouts/javascript (0.5ms)
  Rendered /home/micaela/.rvm/gems/ruby-2.4.5/gems/web-console-2.3.0/lib/web_console/templates/index.html.erb (51.7ms)


Started GET "/" for 127.0.0.1 at 2019-09-02 21:41:27 -0300

Gem::LoadError (Specified 'sqlite3' for database adapter, but the gem is not loaded. Add `gem 'sqlite3'` to your Gemfile (and ensure its version is at the minimum required by ActiveRecord).):
  activerecord (4.2.8) lib/active_record/connection_adapters/connection_specification.rb:177:in `rescue in spec'
  activerecord (4.2.8) lib/active_record/connection_adapters/connection_specification.rb:174:in `spec'
  activerecord (4.2.8) lib/active_record/connection_handling.rb:50:in `establish_connection'
  activerecord (4.2.8) lib/active_record/railtie.rb:120:in `block (2 levels) in <class:Railtie>'
  activesupport (4.2.8) lib/active_support/lazy_load_hooks.rb:38:in `instance_eval'
  activesupport (4.2.8) lib/active_support/lazy_load_hooks.rb:38:in `execute_hook'
  activesupport (4.2.8) lib/active_support/lazy_load_hooks.rb:45:in `block in run_load_hooks'
  activesupport (4.2.8) lib/active_support/lazy_load_hooks.rb:44:in `each'
  activesupport (4.2.8) lib/active_support/lazy_load_hooks.rb:44:in `run_load_hooks'
  activerecord (4.2.8) lib/active_record/base.rb:315:in `<module:ActiveRecord>'
  activerecord (4.2.8) lib/active_record/base.rb:26:in `<top (required)>'
  activesupport (4.2.8) lib/active_support/dependencies.rb:274:in `require'
  activesupport (4.2.8) lib/active_support/dependencies.rb:274:in `block in require'
  activesupport (4.2.8) lib/active_support/dependencies.rb:240:in `load_dependency'
  activesupport (4.2.8) lib/active_support/dependencies.rb:274:in `require'
  activerecord (4.2.8) lib/active_record/migration.rb:383:in `connection'
  activerecord (4.2.8) lib/active_record/migration.rb:370:in `call'
  actionpack (4.2.8) lib/action_dispatch/middleware/callbacks.rb:29:in `block in call'
  activesupport (4.2.8) lib/active_support/callbacks.rb:88:in `__run_callbacks__'
  activesupport (4.2.8) lib/active_support/callbacks.rb:778:in `_run_call_callbacks'
  activesupport (4.2.8) lib/active_support/callbacks.rb:81:in `run_callbacks'
  actionpack (4.2.8) lib/action_dispatch/middleware/callbacks.rb:27:in `call'
  actionpack (4.2.8) lib/action_dispatch/middleware/reloader.rb:73:in `call'
  actionpack (4.2.8) lib/action_dispatch/middleware/remote_ip.rb:78:in `call'
  actionpack (4.2.8) lib/action_dispatch/middleware/debug_exceptions.rb:17:in `call'
  web-console (2.3.0) lib/web_console/middleware.rb:28:in `block in call'
  web-console (2.3.0) lib/web_console/middleware.rb:18:in `catch'
  web-console (2.3.0) lib/web_console/middleware.rb:18:in `call'
  actionpack (4.2.8) lib/action_dispatch/middleware/show_exceptions.rb:30:in `call'
  railties (4.2.8) lib/rails/rack/logger.rb:38:in `call_app'
  railties (4.2.8) lib/rails/rack/logger.rb:20:in `block in call'
  activesupport (4.2.8) lib/active_support/tagged_logging.rb:68:in `block in tagged'
  activesupport (4.2.8) lib/active_support/tagged_logging.rb:26:in `tagged'
  activesupport (4.2.8) lib/active_support/tagged_logging.rb:68:in `tagged'
  railties (4.2.8) lib/rails/rack/logger.rb:20:in `call'
  actionpack (4.2.8) lib/action_dispatch/middleware/request_id.rb:21:in `call'
  rack (1.6.11) lib/rack/methodoverride.rb:22:in `call'
  rack (1.6.11) lib/rack/runtime.rb:18:in `call'
  activesupport (4.2.8) lib/active_support/cache/strategy/local_cache_middleware.rb:28:in `call'
  rack (1.6.11) lib/rack/lock.rb:17:in `call'
  actionpack (4.2.8) lib/action_dispatch/middleware/static.rb:120:in `call'
  rack (1.6.11) lib/rack/sendfile.rb:113:in `call'
  railties (4.2.8) lib/rails/engine.rb:518:in `call'
  railties (4.2.8) lib/rails/application.rb:165:in `call'
  rack (1.6.11) lib/rack/lock.rb:17:in `call'
  rack (1.6.11) lib/rack/content_length.rb:15:in `call'
  rack (1.6.11) lib/rack/handler/webrick.rb:88:in `service'
  /usr/share/rvm/rubies/ruby-2.4.5/lib/ruby/2.4.0/webrick/httpserver.rb:140:in `service'
  /usr/share/rvm/rubies/ruby-2.4.5/lib/ruby/2.4.0/webrick/httpserver.rb:96:in `run'
  /usr/share/rvm/rubies/ruby-2.4.5/lib/ruby/2.4.0/webrick/server.rb:308:in `block in start_thread'


  Rendered /home/micaela/.rvm/gems/ruby-2.4.5/gems/actionpack-4.2.8/lib/action_dispatch/middleware/templates/rescues/_source.erb (2.0ms)
  Rendered /home/micaela/.rvm/gems/ruby-2.4.5/gems/actionpack-4.2.8/lib/action_dispatch/middleware/templates/rescues/_trace.html.erb (1.0ms)
  Rendered /home/micaela/.rvm/gems/ruby-2.4.5/gems/actionpack-4.2.8/lib/action_dispatch/middleware/templates/rescues/_request_and_response.html.erb (0.5ms)
  Rendered /home/micaela/.rvm/gems/ruby-2.4.5/gems/actionpack-4.2.8/lib/action_dispatch/middleware/templates/rescues/diagnostics.html.erb within rescues/layout (14.1ms)
  Rendered /home/micaela/.rvm/gems/ruby-2.4.5/gems/web-console-2.3.0/lib/web_console/templates/_markup.html.erb (0.3ms)
  Rendered /home/micaela/.rvm/gems/ruby-2.4.5/gems/web-console-2.3.0/lib/web_console/templates/_inner_console_markup.html.erb within layouts/inlined_string (0.2ms)
  Rendered /home/micaela/.rvm/gems/ruby-2.4.5/gems/web-console-2.3.0/lib/web_console/templates/_prompt_box_markup.html.erb within layouts/inlined_string (0.2ms)
  Rendered /home/micaela/.rvm/gems/ruby-2.4.5/gems/web-console-2.3.0/lib/web_console/templates/style.css.erb within layouts/inlined_string (0.3ms)
  Rendered /home/micaela/.rvm/gems/ruby-2.4.5/gems/web-console-2.3.0/lib/web_console/templates/console.js.erb within layouts/javascript (15.3ms)
  Rendered /home/micaela/.rvm/gems/ruby-2.4.5/gems/web-console-2.3.0/lib/web_console/templates/main.js.erb within layouts/javascript (0.2ms)
  Rendered /home/micaela/.rvm/gems/ruby-2.4.5/gems/web-console-2.3.0/lib/web_console/templates/error_page.js.erb within layouts/javascript (0.3ms)
  Rendered /home/micaela/.rvm/gems/ruby-2.4.5/gems/web-console-2.3.0/lib/web_console/templates/index.html.erb (29.2ms)


Started GET "/" for 127.0.0.1 at 2019-09-02 21:41:29 -0300

ActiveRecord::ConnectionNotEstablished (No connection pool for ActiveRecord::Base):
  activerecord (4.2.8) lib/active_record/connection_adapters/abstract/connection_pool.rb:570:in `retrieve_connection'
  activerecord (4.2.8) lib/active_record/connection_handling.rb:113:in `retrieve_connection'
  activerecord (4.2.8) lib/active_record/connection_handling.rb:87:in `connection'
  activerecord (4.2.8) lib/active_record/migration.rb:383:in `connection'
  activerecord (4.2.8) lib/active_record/migration.rb:370:in `call'
  actionpack (4.2.8) lib/action_dispatch/middleware/callbacks.rb:29:in `block in call'
  activesupport (4.2.8) lib/active_support/callbacks.rb:88:in `__run_callbacks__'
  activesupport (4.2.8) lib/active_support/callbacks.rb:778:in `_run_call_callbacks'
  activesupport (4.2.8) lib/active_support/callbacks.rb:81:in `run_callbacks'
  actionpack (4.2.8) lib/action_dispatch/middleware/callbacks.rb:27:in `call'
  actionpack (4.2.8) lib/action_dispatch/middleware/reloader.rb:73:in `call'
  actionpack (4.2.8) lib/action_dispatch/middleware/remote_ip.rb:78:in `call'
  actionpack (4.2.8) lib/action_dispatch/middleware/debug_exceptions.rb:17:in `call'
  web-console (2.3.0) lib/web_console/middleware.rb:28:in `block in call'
  web-console (2.3.0) lib/web_console/middleware.rb:18:in `catch'
  web-console (2.3.0) lib/web_console/middleware.rb:18:in `call'
  actionpack (4.2.8) lib/action_dispatch/middleware/show_exceptions.rb:30:in `call'
  railties (4.2.8) lib/rails/rack/logger.rb:38:in `call_app'
  railties (4.2.8) lib/rails/rack/logger.rb:20:in `block in call'
  activesupport (4.2.8) lib/active_support/tagged_logging.rb:68:in `block in tagged'
  activesupport (4.2.8) lib/active_support/tagged_logging.rb:26:in `tagged'
  activesupport (4.2.8) lib/active_support/tagged_logging.rb:68:in `tagged'
  railties (4.2.8) lib/rails/rack/logger.rb:20:in `call'
  actionpack (4.2.8) lib/action_dispatch/middleware/request_id.rb:21:in `call'
  rack (1.6.11) lib/rack/methodoverride.rb:22:in `call'
  rack (1.6.11) lib/rack/runtime.rb:18:in `call'
  activesupport (4.2.8) lib/active_support/cache/strategy/local_cache_middleware.rb:28:in `call'
  rack (1.6.11) lib/rack/lock.rb:17:in `call'
  actionpack (4.2.8) lib/action_dispatch/middleware/static.rb:120:in `call'
  rack (1.6.11) lib/rack/sendfile.rb:113:in `call'
  railties (4.2.8) lib/rails/engine.rb:518:in `call'
  railties (4.2.8) lib/rails/application.rb:165:in `call'
  rack (1.6.11) lib/rack/lock.rb:17:in `call'
  rack (1.6.11) lib/rack/content_length.rb:15:in `call'
  rack (1.6.11) lib/rack/handler/webrick.rb:88:in `service'
  /usr/share/rvm/rubies/ruby-2.4.5/lib/ruby/2.4.0/webrick/httpserver.rb:140:in `service'
  /usr/share/rvm/rubies/ruby-2.4.5/lib/ruby/2.4.0/webrick/httpserver.rb:96:in `run'
  /usr/share/rvm/rubies/ruby-2.4.5/lib/ruby/2.4.0/webrick/server.rb:308:in `block in start_thread'


  Rendered /home/micaela/.rvm/gems/ruby-2.4.5/gems/actionpack-4.2.8/lib/action_dispatch/middleware/templates/rescues/_source.erb (2.4ms)
  Rendered /home/micaela/.rvm/gems/ruby-2.4.5/gems/actionpack-4.2.8/lib/action_dispatch/middleware/templates/rescues/_trace.html.erb (1.5ms)
  Rendered /home/micaela/.rvm/gems/ruby-2.4.5/gems/actionpack-4.2.8/lib/action_dispatch/middleware/templates/rescues/_request_and_response.html.erb (0.6ms)
  Rendered /home/micaela/.rvm/gems/ruby-2.4.5/gems/actionpack-4.2.8/lib/action_dispatch/middleware/templates/rescues/diagnostics.html.erb within rescues/layout (15.8ms)
  Rendered /home/micaela/.rvm/gems/ruby-2.4.5/gems/web-console-2.3.0/lib/web_console/templates/_markup.html.erb (0.3ms)
  Rendered /home/micaela/.rvm/gems/ruby-2.4.5/gems/web-console-2.3.0/lib/web_console/templates/_inner_console_markup.html.erb within layouts/inlined_string (0.3ms)
  Rendered /home/micaela/.rvm/gems/ruby-2.4.5/gems/web-console-2.3.0/lib/web_console/templates/_prompt_box_markup.html.erb within layouts/inlined_string (0.3ms)
  Rendered /home/micaela/.rvm/gems/ruby-2.4.5/gems/web-console-2.3.0/lib/web_console/templates/style.css.erb within layouts/inlined_string (0.2ms)
  Rendered /home/micaela/.rvm/gems/ruby-2.4.5/gems/web-console-2.3.0/lib/web_console/templates/console.js.erb within layouts/javascript (13.7ms)
  Rendered /home/micaela/.rvm/gems/ruby-2.4.5/gems/web-console-2.3.0/lib/web_console/templates/main.js.erb within layouts/javascript (0.3ms)
  Rendered /home/micaela/.rvm/gems/ruby-2.4.5/gems/web-console-2.3.0/lib/web_console/templates/error_page.js.erb within layouts/javascript (0.4ms)
  Rendered /home/micaela/.rvm/gems/ruby-2.4.5/gems/web-console-2.3.0/lib/web_console/templates/index.html.erb (26.9ms)


Started GET "/" for 127.0.0.1 at 2019-09-02 21:45:47 -0300

Gem::LoadError (Specified 'sqlite3' for database adapter, but the gem is not loaded. Add `gem 'sqlite3'` to your Gemfile (and ensure its version is at the minimum required by ActiveRecord).):
  activerecord (4.2.8) lib/active_record/connection_adapters/connection_specification.rb:177:in `rescue in spec'
  activerecord (4.2.8) lib/active_record/connection_adapters/connection_specification.rb:174:in `spec'
  activerecord (4.2.8) lib/active_record/connection_handling.rb:50:in `establish_connection'
  activerecord (4.2.8) lib/active_record/railtie.rb:120:in `block (2 levels) in <class:Railtie>'
  activesupport (4.2.8) lib/active_support/lazy_load_hooks.rb:38:in `instance_eval'
  activesupport (4.2.8) lib/active_support/lazy_load_hooks.rb:38:in `execute_hook'
  activesupport (4.2.8) lib/active_support/lazy_load_hooks.rb:45:in `block in run_load_hooks'
  activesupport (4.2.8) lib/active_support/lazy_load_hooks.rb:44:in `each'
  activesupport (4.2.8) lib/active_support/lazy_load_hooks.rb:44:in `run_load_hooks'
  activerecord (4.2.8) lib/active_record/base.rb:315:in `<module:ActiveRecord>'
  activerecord (4.2.8) lib/active_record/base.rb:26:in `<top (required)>'
  activesupport (4.2.8) lib/active_support/dependencies.rb:274:in `require'
  activesupport (4.2.8) lib/active_support/dependencies.rb:274:in `block in require'
  activesupport (4.2.8) lib/active_support/dependencies.rb:240:in `load_dependency'
  activesupport (4.2.8) lib/active_support/dependencies.rb:274:in `require'
  activerecord (4.2.8) lib/active_record/migration.rb:383:in `connection'
  activerecord (4.2.8) lib/active_record/migration.rb:370:in `call'
  actionpack (4.2.8) lib/action_dispatch/middleware/callbacks.rb:29:in `block in call'
  activesupport (4.2.8) lib/active_support/callbacks.rb:88:in `__run_callbacks__'
  activesupport (4.2.8) lib/active_support/callbacks.rb:778:in `_run_call_callbacks'
  activesupport (4.2.8) lib/active_support/callbacks.rb:81:in `run_callbacks'
  actionpack (4.2.8) lib/action_dispatch/middleware/callbacks.rb:27:in `call'
  actionpack (4.2.8) lib/action_dispatch/middleware/reloader.rb:73:in `call'
  actionpack (4.2.8) lib/action_dispatch/middleware/remote_ip.rb:78:in `call'
  actionpack (4.2.8) lib/action_dispatch/middleware/debug_exceptions.rb:17:in `call'
  web-console (2.3.0) lib/web_console/middleware.rb:28:in `block in call'
  web-console (2.3.0) lib/web_console/middleware.rb:18:in `catch'
  web-console (2.3.0) lib/web_console/middleware.rb:18:in `call'
  actionpack (4.2.8) lib/action_dispatch/middleware/show_exceptions.rb:30:in `call'
  railties (4.2.8) lib/rails/rack/logger.rb:38:in `call_app'
  railties (4.2.8) lib/rails/rack/logger.rb:20:in `block in call'
  activesupport (4.2.8) lib/active_support/tagged_logging.rb:68:in `block in tagged'
  activesupport (4.2.8) lib/active_support/tagged_logging.rb:26:in `tagged'
  activesupport (4.2.8) lib/active_support/tagged_logging.rb:68:in `tagged'
  railties (4.2.8) lib/rails/rack/logger.rb:20:in `call'
  actionpack (4.2.8) lib/action_dispatch/middleware/request_id.rb:21:in `call'
  rack (1.6.11) lib/rack/methodoverride.rb:22:in `call'
  rack (1.6.11) lib/rack/runtime.rb:18:in `call'
  activesupport (4.2.8) lib/active_support/cache/strategy/local_cache_middleware.rb:28:in `call'
  rack (1.6.11) lib/rack/lock.rb:17:in `call'
  actionpack (4.2.8) lib/action_dispatch/middleware/static.rb:120:in `call'
  rack (1.6.11) lib/rack/sendfile.rb:113:in `call'
  railties (4.2.8) lib/rails/engine.rb:518:in `call'
  railties (4.2.8) lib/rails/application.rb:165:in `call'
  rack (1.6.11) lib/rack/lock.rb:17:in `call'
  rack (1.6.11) lib/rack/content_length.rb:15:in `call'
  rack (1.6.11) lib/rack/handler/webrick.rb:88:in `service'
  /usr/share/rvm/rubies/ruby-2.4.5/lib/ruby/2.4.0/webrick/httpserver.rb:140:in `service'
  /usr/share/rvm/rubies/ruby-2.4.5/lib/ruby/2.4.0/webrick/httpserver.rb:96:in `run'
  /usr/share/rvm/rubies/ruby-2.4.5/lib/ruby/2.4.0/webrick/server.rb:308:in `block in start_thread'


  Rendered /home/micaela/.rvm/gems/ruby-2.4.5/gems/actionpack-4.2.8/lib/action_dispatch/middleware/templates/rescues/_source.erb (4.2ms)
  Rendered /home/micaela/.rvm/gems/ruby-2.4.5/gems/actionpack-4.2.8/lib/action_dispatch/middleware/templates/rescues/_trace.html.erb (1.3ms)
  Rendered /home/micaela/.rvm/gems/ruby-2.4.5/gems/actionpack-4.2.8/lib/action_dispatch/middleware/templates/rescues/_request_and_response.html.erb (0.5ms)
  Rendered /home/micaela/.rvm/gems/ruby-2.4.5/gems/actionpack-4.2.8/lib/action_dispatch/middleware/templates/rescues/diagnostics.html.erb within rescues/layout (18.5ms)
  Rendered /home/micaela/.rvm/gems/ruby-2.4.5/gems/web-console-2.3.0/lib/web_console/templates/_markup.html.erb (0.4ms)
  Rendered /home/micaela/.rvm/gems/ruby-2.4.5/gems/web-console-2.3.0/lib/web_console/templates/_inner_console_markup.html.erb within layouts/inlined_string (0.3ms)
  Rendered /home/micaela/.rvm/gems/ruby-2.4.5/gems/web-console-2.3.0/lib/web_console/templates/_prompt_box_markup.html.erb within layouts/inlined_string (1.1ms)
  Rendered /home/micaela/.rvm/gems/ruby-2.4.5/gems/web-console-2.3.0/lib/web_console/templates/style.css.erb within layouts/inlined_string (0.3ms)
  Rendered /home/micaela/.rvm/gems/ruby-2.4.5/gems/web-console-2.3.0/lib/web_console/templates/console.js.erb within layouts/javascript (23.7ms)
  Rendered /home/micaela/.rvm/gems/ruby-2.4.5/gems/web-console-2.3.0/lib/web_console/templates/main.js.erb within layouts/javascript (0.4ms)
  Rendered /home/micaela/.rvm/gems/ruby-2.4.5/gems/web-console-2.3.0/lib/web_console/templates/error_page.js.erb within layouts/javascript (0.3ms)
  Rendered /home/micaela/.rvm/gems/ruby-2.4.5/gems/web-console-2.3.0/lib/web_console/templates/index.html.erb (42.1ms)


Started GET "/" for 127.0.0.1 at 2019-09-02 21:45:50 -0300

ActiveRecord::ConnectionNotEstablished (No connection pool for ActiveRecord::Base):
  activerecord (4.2.8) lib/active_record/connection_adapters/abstract/connection_pool.rb:570:in `retrieve_connection'
  activerecord (4.2.8) lib/active_record/connection_handling.rb:113:in `retrieve_connection'
  activerecord (4.2.8) lib/active_record/connection_handling.rb:87:in `connection'
  activerecord (4.2.8) lib/active_record/migration.rb:383:in `connection'
  activerecord (4.2.8) lib/active_record/migration.rb:370:in `call'
  actionpack (4.2.8) lib/action_dispatch/middleware/callbacks.rb:29:in `block in call'
  activesupport (4.2.8) lib/active_support/callbacks.rb:88:in `__run_callbacks__'
  activesupport (4.2.8) lib/active_support/callbacks.rb:778:in `_run_call_callbacks'
  activesupport (4.2.8) lib/active_support/callbacks.rb:81:in `run_callbacks'
  actionpack (4.2.8) lib/action_dispatch/middleware/callbacks.rb:27:in `call'
  actionpack (4.2.8) lib/action_dispatch/middleware/reloader.rb:73:in `call'
  actionpack (4.2.8) lib/action_dispatch/middleware/remote_ip.rb:78:in `call'
  actionpack (4.2.8) lib/action_dispatch/middleware/debug_exceptions.rb:17:in `call'
  web-console (2.3.0) lib/web_console/middleware.rb:28:in `block in call'
  web-console (2.3.0) lib/web_console/middleware.rb:18:in `catch'
  web-console (2.3.0) lib/web_console/middleware.rb:18:in `call'
  actionpack (4.2.8) lib/action_dispatch/middleware/show_exceptions.rb:30:in `call'
  railties (4.2.8) lib/rails/rack/logger.rb:38:in `call_app'
  railties (4.2.8) lib/rails/rack/logger.rb:20:in `block in call'
  activesupport (4.2.8) lib/active_support/tagged_logging.rb:68:in `block in tagged'
  activesupport (4.2.8) lib/active_support/tagged_logging.rb:26:in `tagged'
  activesupport (4.2.8) lib/active_support/tagged_logging.rb:68:in `tagged'
  railties (4.2.8) lib/rails/rack/logger.rb:20:in `call'
  actionpack (4.2.8) lib/action_dispatch/middleware/request_id.rb:21:in `call'
  rack (1.6.11) lib/rack/methodoverride.rb:22:in `call'
  rack (1.6.11) lib/rack/runtime.rb:18:in `call'
  activesupport (4.2.8) lib/active_support/cache/strategy/local_cache_middleware.rb:28:in `call'
  rack (1.6.11) lib/rack/lock.rb:17:in `call'
  actionpack (4.2.8) lib/action_dispatch/middleware/static.rb:120:in `call'
  rack (1.6.11) lib/rack/sendfile.rb:113:in `call'
  railties (4.2.8) lib/rails/engine.rb:518:in `call'
  railties (4.2.8) lib/rails/application.rb:165:in `call'
  rack (1.6.11) lib/rack/lock.rb:17:in `call'
  rack (1.6.11) lib/rack/content_length.rb:15:in `call'
  rack (1.6.11) lib/rack/handler/webrick.rb:88:in `service'
  /usr/share/rvm/rubies/ruby-2.4.5/lib/ruby/2.4.0/webrick/httpserver.rb:140:in `service'
  /usr/share/rvm/rubies/ruby-2.4.5/lib/ruby/2.4.0/webrick/httpserver.rb:96:in `run'
  /usr/share/rvm/rubies/ruby-2.4.5/lib/ruby/2.4.0/webrick/server.rb:308:in `block in start_thread'


  Rendered /home/micaela/.rvm/gems/ruby-2.4.5/gems/actionpack-4.2.8/lib/action_dispatch/middleware/templates/rescues/_source.erb (1.9ms)
  Rendered /home/micaela/.rvm/gems/ruby-2.4.5/gems/actionpack-4.2.8/lib/action_dispatch/middleware/templates/rescues/_trace.html.erb (1.4ms)
  Rendered /home/micaela/.rvm/gems/ruby-2.4.5/gems/actionpack-4.2.8/lib/action_dispatch/middleware/templates/rescues/_request_and_response.html.erb (1.1ms)
  Rendered /home/micaela/.rvm/gems/ruby-2.4.5/gems/actionpack-4.2.8/lib/action_dispatch/middleware/templates/rescues/diagnostics.html.erb within rescues/layout (17.7ms)
  Rendered /home/micaela/.rvm/gems/ruby-2.4.5/gems/web-console-2.3.0/lib/web_console/templates/_markup.html.erb (0.4ms)
  Rendered /home/micaela/.rvm/gems/ruby-2.4.5/gems/web-console-2.3.0/lib/web_console/templates/_inner_console_markup.html.erb within layouts/inlined_string (0.2ms)
  Rendered /home/micaela/.rvm/gems/ruby-2.4.5/gems/web-console-2.3.0/lib/web_console/templates/_prompt_box_markup.html.erb within layouts/inlined_string (0.2ms)
  Rendered /home/micaela/.rvm/gems/ruby-2.4.5/gems/web-console-2.3.0/lib/web_console/templates/style.css.erb within layouts/inlined_string (0.5ms)
  Rendered /home/micaela/.rvm/gems/ruby-2.4.5/gems/web-console-2.3.0/lib/web_console/templates/console.js.erb within layouts/javascript (14.4ms)
  Rendered /home/micaela/.rvm/gems/ruby-2.4.5/gems/web-console-2.3.0/lib/web_console/templates/main.js.erb within layouts/javascript (0.2ms)
  Rendered /home/micaela/.rvm/gems/ruby-2.4.5/gems/web-console-2.3.0/lib/web_console/templates/error_page.js.erb within layouts/javascript (0.2ms)
  Rendered /home/micaela/.rvm/gems/ruby-2.4.5/gems/web-console-2.3.0/lib/web_console/templates/index.html.erb (28.5ms)


Started GET "/" for 127.0.0.1 at 2019-09-02 21:45:52 -0300

ActiveRecord::ConnectionNotEstablished (No connection pool for ActiveRecord::Base):
  activerecord (4.2.8) lib/active_record/connection_adapters/abstract/connection_pool.rb:570:in `retrieve_connection'
  activerecord (4.2.8) lib/active_record/connection_handling.rb:113:in `retrieve_connection'
  activerecord (4.2.8) lib/active_record/connection_handling.rb:87:in `connection'
  activerecord (4.2.8) lib/active_record/migration.rb:383:in `connection'
  activerecord (4.2.8) lib/active_record/migration.rb:370:in `call'
  actionpack (4.2.8) lib/action_dispatch/middleware/callbacks.rb:29:in `block in call'
  activesupport (4.2.8) lib/active_support/callbacks.rb:88:in `__run_callbacks__'
  activesupport (4.2.8) lib/active_support/callbacks.rb:778:in `_run_call_callbacks'
  activesupport (4.2.8) lib/active_support/callbacks.rb:81:in `run_callbacks'
  actionpack (4.2.8) lib/action_dispatch/middleware/callbacks.rb:27:in `call'
  actionpack (4.2.8) lib/action_dispatch/middleware/reloader.rb:73:in `call'
  actionpack (4.2.8) lib/action_dispatch/middleware/remote_ip.rb:78:in `call'
  actionpack (4.2.8) lib/action_dispatch/middleware/debug_exceptions.rb:17:in `call'
  web-console (2.3.0) lib/web_console/middleware.rb:28:in `block in call'
  web-console (2.3.0) lib/web_console/middleware.rb:18:in `catch'
  web-console (2.3.0) lib/web_console/middleware.rb:18:in `call'
  actionpack (4.2.8) lib/action_dispatch/middleware/show_exceptions.rb:30:in `call'
  railties (4.2.8) lib/rails/rack/logger.rb:38:in `call_app'
  railties (4.2.8) lib/rails/rack/logger.rb:20:in `block in call'
  activesupport (4.2.8) lib/active_support/tagged_logging.rb:68:in `block in tagged'
  activesupport (4.2.8) lib/active_support/tagged_logging.rb:26:in `tagged'
  activesupport (4.2.8) lib/active_support/tagged_logging.rb:68:in `tagged'
  railties (4.2.8) lib/rails/rack/logger.rb:20:in `call'
  actionpack (4.2.8) lib/action_dispatch/middleware/request_id.rb:21:in `call'
  rack (1.6.11) lib/rack/methodoverride.rb:22:in `call'
  rack (1.6.11) lib/rack/runtime.rb:18:in `call'
  activesupport (4.2.8) lib/active_support/cache/strategy/local_cache_middleware.rb:28:in `call'
  rack (1.6.11) lib/rack/lock.rb:17:in `call'
  actionpack (4.2.8) lib/action_dispatch/middleware/static.rb:120:in `call'
  rack (1.6.11) lib/rack/sendfile.rb:113:in `call'
  railties (4.2.8) lib/rails/engine.rb:518:in `call'
  railties (4.2.8) lib/rails/application.rb:165:in `call'
  rack (1.6.11) lib/rack/lock.rb:17:in `call'
  rack (1.6.11) lib/rack/content_length.rb:15:in `call'
  rack (1.6.11) lib/rack/handler/webrick.rb:88:in `service'
  /usr/share/rvm/rubies/ruby-2.4.5/lib/ruby/2.4.0/webrick/httpserver.rb:140:in `service'
  /usr/share/rvm/rubies/ruby-2.4.5/lib/ruby/2.4.0/webrick/httpserver.rb:96:in `run'
  /usr/share/rvm/rubies/ruby-2.4.5/lib/ruby/2.4.0/webrick/server.rb:308:in `block in start_thread'


  Rendered /home/micaela/.rvm/gems/ruby-2.4.5/gems/actionpack-4.2.8/lib/action_dispatch/middleware/templates/rescues/_source.erb (2.1ms)
  Rendered /home/micaela/.rvm/gems/ruby-2.4.5/gems/actionpack-4.2.8/lib/action_dispatch/middleware/templates/rescues/_trace.html.erb (1.2ms)
  Rendered /home/micaela/.rvm/gems/ruby-2.4.5/gems/actionpack-4.2.8/lib/action_dispatch/middleware/templates/rescues/_request_and_response.html.erb (1.2ms)
  Rendered /home/micaela/.rvm/gems/ruby-2.4.5/gems/actionpack-4.2.8/lib/action_dispatch/middleware/templates/rescues/diagnostics.html.erb within rescues/layout (19.2ms)
  Rendered /home/micaela/.rvm/gems/ruby-2.4.5/gems/web-console-2.3.0/lib/web_console/templates/_markup.html.erb (0.3ms)
  Rendered /home/micaela/.rvm/gems/ruby-2.4.5/gems/web-console-2.3.0/lib/web_console/templates/_inner_console_markup.html.erb within layouts/inlined_string (0.9ms)
  Rendered /home/micaela/.rvm/gems/ruby-2.4.5/gems/web-console-2.3.0/lib/web_console/templates/_prompt_box_markup.html.erb within layouts/inlined_string (0.3ms)
  Rendered /home/micaela/.rvm/gems/ruby-2.4.5/gems/web-console-2.3.0/lib/web_console/templates/style.css.erb within layouts/inlined_string (0.2ms)
  Rendered /home/micaela/.rvm/gems/ruby-2.4.5/gems/web-console-2.3.0/lib/web_console/templates/console.js.erb within layouts/javascript (17.0ms)
  Rendered /home/micaela/.rvm/gems/ruby-2.4.5/gems/web-console-2.3.0/lib/web_console/templates/main.js.erb within layouts/javascript (0.2ms)
  Rendered /home/micaela/.rvm/gems/ruby-2.4.5/gems/web-console-2.3.0/lib/web_console/templates/error_page.js.erb within layouts/javascript (0.3ms)
  Rendered /home/micaela/.rvm/gems/ruby-2.4.5/gems/web-console-2.3.0/lib/web_console/templates/index.html.erb (30.6ms)


Started GET "/" for 127.0.0.1 at 2019-09-02 21:47:12 -0300
Processing by Rails::WelcomeController#index as HTML
  Rendered /home/micaela/.rvm/gems/ruby-2.4.5/gems/railties-4.2.8/lib/rails/templates/rails/welcome/index.html.erb (1.0ms)
Completed 200 OK in 16ms (Views: 9.9ms | ActiveRecord: 0.0ms)
